<?xml version="1.0" encoding="UTF-8"?>
<!-- Generated by org.testng.reporters.JUnitReportReporter -->
<testsuite hostname="LEON-LT-181214A" name="ExecutionTestNG" tests="4" failures="0" timestamp="28 May 2019 17:40:18 GMT" time="12.083" errors="0">
  <testcase name="ValidatePrice2SamsungInCar" time="2.443" classname="ExecutionTestNG"/>
  <testcase name="ValidateOneProductInCar" time="0.019" classname="ExecutionTestNG"/>
  <testcase name="ValidatePrice1Samsung" time="4.490" classname="ExecutionTestNG"/>
  <testcase name="VaidateAlienInCar" time="5.131" classname="ExecutionTestNG"/>
</testsuite> <!-- ExecutionTestNG -->
