<?xml version="1.0" encoding="UTF-8"?>
<!-- Generated by org.testng.reporters.JUnitReportReporter -->
<testsuite skipped="0" hostname="LEON-LT-181214A" name="Exercice1TestNG" tests="3" failures="0" timestamp="08 Mar 2019 20:43:03 GMT" time="6.893" errors="0">
  <testcase name="IphoneXRElementsEnable" time="2.532" classname="Exercice1TestNG"/>
  <testcase name="ValidateMacText" time="2.693" classname="Exercice1TestNG"/>
  <testcase name="IphoneXRTittle" time="1.668" classname="Exercice1TestNG"/>
</testsuite> <!-- Exercice1TestNG -->
